This file contains any messages produced by compilers while
running configure, to aid debugging if configure makes a mistake.

It was created by PULSARHUNTER_NATIVE configure 1.00, which was
generated by GNU Autoconf 2.63.  Invocation command line was

  $ ./configure --prefix=/media/part1/cherry/soft/pulsarhunter

## --------- ##
## Platform. ##
## --------- ##

hostname = miraculix
uname -m = x86_64
uname -r = 2.6.32-5-amd64
uname -s = Linux
uname -v = #1 SMP Tue Jun 14 09:42:28 UTC 2011

/usr/bin/uname -p = unknown
/bin/uname -X     = unknown

/bin/arch              = unknown
/usr/bin/arch -k       = unknown
/usr/convex/getsysinfo = unknown
/usr/bin/hostinfo      = unknown
/bin/machine           = unknown
/usr/bin/oslevel       = unknown
/bin/universe          = unknown

PATH: /media/part1/cherry/soft/jdk1.7.0_01/bin
PATH: /usr/local/bin
PATH: /media/part1/soft//bin
PATH: /media/part1/soft//linux/bin
PATH: /homes/cherryng/linux/sigproc
PATH: /media/part1/soft//build/presto/bin
PATH: /home/pulsar/gsl-1.14/bin
PATH: /media/part1/cherry/soft/jdk1.7.0_01/bin
PATH: /usr/local/bin
PATH: /media/part1/soft//bin
PATH: /media/part1/soft//linux/bin
PATH: /homes/cherryng/linux/sigproc
PATH: /media/part1/soft//build/presto/bin
PATH: /home/pulsar/gsl-1.14/bin
PATH: /usr/local/bin
PATH: /usr/bin
PATH: /bin
PATH: /usr/bin/X11
PATH: /usr/games


## ----------- ##
## Core tests. ##
## ----------- ##

configure:2147: checking for gcc
configure:2163: found /usr/bin/gcc
configure:2174: result: gcc
configure:2406: checking for C compiler version
configure:2414: gcc --version >&5
gcc (Debian 4.4.5-8) 4.4.5
Copyright (C) 2010 Free Software Foundation, Inc.
This is free software; see the source for copying conditions.  There is NO
warranty; not even for MERCHANTABILITY or FITNESS FOR A PARTICULAR PURPOSE.

configure:2418: $? = 0
configure:2425: gcc -v >&5
Using built-in specs.
Target: x86_64-linux-gnu
Configured with: ../src/configure -v --with-pkgversion='Debian 4.4.5-8' --with-bugurl=file:///usr/share/doc/gcc-4.4/README.Bugs --enable-languages=c,c++,fortran,objc,obj-c++ --prefix=/usr --program-suffix=-4.4 --enable-shared --enable-multiarch --enable-linker-build-id --with-system-zlib --libexecdir=/usr/lib --without-included-gettext --enable-threads=posix --with-gxx-include-dir=/usr/include/c++/4.4 --libdir=/usr/lib --enable-nls --enable-clocale=gnu --enable-libstdcxx-debug --enable-objc-gc --with-arch-32=i586 --with-tune=generic --enable-checking=release --build=x86_64-linux-gnu --host=x86_64-linux-gnu --target=x86_64-linux-gnu
Thread model: posix
gcc version 4.4.5 (Debian 4.4.5-8) 
configure:2429: $? = 0
configure:2436: gcc -V >&5
gcc: '-V' option must have argument
configure:2440: $? = 1
configure:2463: checking for C compiler default output file name
configure:2485: gcc    conftest.c  >&5
configure:2489: $? = 0
configure:2527: result: a.out
configure:2546: checking whether the C compiler works
configure:2556: ./a.out
configure:2560: $? = 0
configure:2579: result: yes
configure:2586: checking whether we are cross compiling
configure:2588: result: no
configure:2591: checking for suffix of executables
configure:2598: gcc -o conftest    conftest.c  >&5
configure:2602: $? = 0
configure:2628: result: 
configure:2634: checking for suffix of object files
configure:2660: gcc -c   conftest.c >&5
configure:2664: $? = 0
configure:2689: result: o
configure:2693: checking whether we are using the GNU C compiler
configure:2722: gcc -c   conftest.c >&5
configure:2729: $? = 0
configure:2746: result: yes
configure:2755: checking whether gcc accepts -g
configure:2785: gcc -c -g  conftest.c >&5
configure:2792: $? = 0
configure:2893: result: yes
configure:2910: checking for gcc option to accept ISO C89
configure:2984: gcc  -c -g -O2  conftest.c >&5
configure:2991: $? = 0
configure:3014: result: none needed
configure:3040: checking for special C compiler options needed for large files
configure:3135: result: no
configure:3141: checking for _FILE_OFFSET_BITS value needed for large files
configure:3176: gcc -c -g -O2  conftest.c >&5
configure:3183: $? = 0
configure:3252: result: no
configure:3396: checking how to run the C preprocessor
configure:3436: gcc -E  conftest.c
configure:3443: $? = 0
configure:3474: gcc -E  conftest.c
conftest.c:8:28: error: ac_nonexistent.h: No such file or directory
configure:3481: $? = 1
configure: failed program was:
| /* confdefs.h.  */
| #define PACKAGE_NAME "PULSARHUNTER_NATIVE"
| #define PACKAGE_TARNAME "pulsarhunter_native"
| #define PACKAGE_VERSION "1.00"
| #define PACKAGE_STRING "PULSARHUNTER_NATIVE 1.00"
| #define PACKAGE_BUGREPORT "mkeith@pulsarastronomy.net"
| /* end confdefs.h.  */
| #include <ac_nonexistent.h>
configure:3514: result: gcc -E
configure:3543: gcc -E  conftest.c
configure:3550: $? = 0
configure:3581: gcc -E  conftest.c
conftest.c:8:28: error: ac_nonexistent.h: No such file or directory
configure:3588: $? = 1
configure: failed program was:
| /* confdefs.h.  */
| #define PACKAGE_NAME "PULSARHUNTER_NATIVE"
| #define PACKAGE_TARNAME "pulsarhunter_native"
| #define PACKAGE_VERSION "1.00"
| #define PACKAGE_STRING "PULSARHUNTER_NATIVE 1.00"
| #define PACKAGE_BUGREPORT "mkeith@pulsarastronomy.net"
| /* end confdefs.h.  */
| #include <ac_nonexistent.h>
configure:3628: checking for grep that handles long lines and -e
configure:3688: result: /bin/grep
configure:3693: checking for egrep
configure:3757: result: /bin/grep -E
configure:3762: checking for ANSI C header files
configure:3792: gcc -c -g -O2  conftest.c >&5
configure:3799: $? = 0
configure:3898: gcc -o conftest -g -O2   conftest.c  >&5
configure:3902: $? = 0
configure:3908: ./conftest
configure:3912: $? = 0
configure:3930: result: yes
configure:3954: checking for sys/types.h
configure:3975: gcc -c -g -O2  conftest.c >&5
configure:3982: $? = 0
configure:3999: result: yes
configure:3954: checking for sys/stat.h
configure:3975: gcc -c -g -O2  conftest.c >&5
configure:3982: $? = 0
configure:3999: result: yes
configure:3954: checking for stdlib.h
configure:3975: gcc -c -g -O2  conftest.c >&5
configure:3982: $? = 0
configure:3999: result: yes
configure:3954: checking for string.h
configure:3975: gcc -c -g -O2  conftest.c >&5
configure:3982: $? = 0
configure:3999: result: yes
configure:3954: checking for memory.h
configure:3975: gcc -c -g -O2  conftest.c >&5
configure:3982: $? = 0
configure:3999: result: yes
configure:3954: checking for strings.h
configure:3975: gcc -c -g -O2  conftest.c >&5
configure:3982: $? = 0
configure:3999: result: yes
configure:3954: checking for inttypes.h
configure:3975: gcc -c -g -O2  conftest.c >&5
configure:3982: $? = 0
configure:3999: result: yes
configure:3954: checking for stdint.h
configure:3975: gcc -c -g -O2  conftest.c >&5
configure:3982: $? = 0
configure:3999: result: yes
configure:3954: checking for unistd.h
configure:3975: gcc -c -g -O2  conftest.c >&5
configure:3982: $? = 0
configure:3999: result: yes
configure:4014: checking whether byte ordering is bigendian
configure:4039: gcc -c -g -O2  conftest.c >&5
conftest.c:19: error: expected '=', ',', ';', 'asm' or '__attribute__' before 'a'
configure:4046: $? = 1
configure: failed program was:
| /* confdefs.h.  */
| #define PACKAGE_NAME "PULSARHUNTER_NATIVE"
| #define PACKAGE_TARNAME "pulsarhunter_native"
| #define PACKAGE_VERSION "1.00"
| #define PACKAGE_STRING "PULSARHUNTER_NATIVE 1.00"
| #define PACKAGE_BUGREPORT "mkeith@pulsarastronomy.net"
| #define STDC_HEADERS 1
| #define HAVE_SYS_TYPES_H 1
| #define HAVE_SYS_STAT_H 1
| #define HAVE_STDLIB_H 1
| #define HAVE_STRING_H 1
| #define HAVE_MEMORY_H 1
| #define HAVE_STRINGS_H 1
| #define HAVE_INTTYPES_H 1
| #define HAVE_STDINT_H 1
| #define HAVE_UNISTD_H 1
| /* end confdefs.h.  */
| #ifndef __APPLE_CC__
| 	       not a universal capable compiler
| 	     #endif
| 	     typedef int dummy;
| 
configure:4096: gcc -c -g -O2  conftest.c >&5
configure:4103: $? = 0
configure:4135: gcc -c -g -O2  conftest.c >&5
conftest.c: In function 'main':
conftest.c:25: error: 'not' undeclared (first use in this function)
conftest.c:25: error: (Each undeclared identifier is reported only once
conftest.c:25: error: for each function it appears in.)
conftest.c:25: error: expected ';' before 'big'
configure:4142: $? = 1
configure: failed program was:
| /* confdefs.h.  */
| #define PACKAGE_NAME "PULSARHUNTER_NATIVE"
| #define PACKAGE_TARNAME "pulsarhunter_native"
| #define PACKAGE_VERSION "1.00"
| #define PACKAGE_STRING "PULSARHUNTER_NATIVE 1.00"
| #define PACKAGE_BUGREPORT "mkeith@pulsarastronomy.net"
| #define STDC_HEADERS 1
| #define HAVE_SYS_TYPES_H 1
| #define HAVE_SYS_STAT_H 1
| #define HAVE_STDLIB_H 1
| #define HAVE_STRING_H 1
| #define HAVE_MEMORY_H 1
| #define HAVE_STRINGS_H 1
| #define HAVE_INTTYPES_H 1
| #define HAVE_STDINT_H 1
| #define HAVE_UNISTD_H 1
| /* end confdefs.h.  */
| #include <sys/types.h>
| 		#include <sys/param.h>
| 
| int
| main ()
| {
| #if BYTE_ORDER != BIG_ENDIAN
| 		 not big endian
| 		#endif
| 
|   ;
|   return 0;
| }
configure:4394: result: no
configure:4479: checking for g++
configure:4495: found /usr/bin/g++
configure:4506: result: g++
configure:4533: checking for C++ compiler version
configure:4541: g++ --version >&5
g++ (Debian 4.4.5-8) 4.4.5
Copyright (C) 2010 Free Software Foundation, Inc.
This is free software; see the source for copying conditions.  There is NO
warranty; not even for MERCHANTABILITY or FITNESS FOR A PARTICULAR PURPOSE.

configure:4545: $? = 0
configure:4552: g++ -v >&5
Using built-in specs.
Target: x86_64-linux-gnu
Configured with: ../src/configure -v --with-pkgversion='Debian 4.4.5-8' --with-bugurl=file:///usr/share/doc/gcc-4.4/README.Bugs --enable-languages=c,c++,fortran,objc,obj-c++ --prefix=/usr --program-suffix=-4.4 --enable-shared --enable-multiarch --enable-linker-build-id --with-system-zlib --libexecdir=/usr/lib --without-included-gettext --enable-threads=posix --with-gxx-include-dir=/usr/include/c++/4.4 --libdir=/usr/lib --enable-nls --enable-clocale=gnu --enable-libstdcxx-debug --enable-objc-gc --with-arch-32=i586 --with-tune=generic --enable-checking=release --build=x86_64-linux-gnu --host=x86_64-linux-gnu --target=x86_64-linux-gnu
Thread model: posix
gcc version 4.4.5 (Debian 4.4.5-8) 
configure:4556: $? = 0
configure:4563: g++ -V >&5
g++: '-V' option must have argument
configure:4567: $? = 1
configure:4570: checking whether we are using the GNU C++ compiler
configure:4599: g++ -c   conftest.cpp >&5
configure:4606: $? = 0
configure:4623: result: yes
configure:4632: checking whether g++ accepts -g
configure:4662: g++ -c -g  conftest.cpp >&5
configure:4669: $? = 0
configure:4770: result: yes
configure:4798: checking how to run the C++ preprocessor
configure:4834: g++ -E  conftest.cpp
configure:4841: $? = 0
configure:4872: g++ -E  conftest.cpp
conftest.cpp:18:28: error: ac_nonexistent.h: No such file or directory
configure:4879: $? = 1
configure: failed program was:
| /* confdefs.h.  */
| #define PACKAGE_NAME "PULSARHUNTER_NATIVE"
| #define PACKAGE_TARNAME "pulsarhunter_native"
| #define PACKAGE_VERSION "1.00"
| #define PACKAGE_STRING "PULSARHUNTER_NATIVE 1.00"
| #define PACKAGE_BUGREPORT "mkeith@pulsarastronomy.net"
| #define STDC_HEADERS 1
| #define HAVE_SYS_TYPES_H 1
| #define HAVE_SYS_STAT_H 1
| #define HAVE_STDLIB_H 1
| #define HAVE_STRING_H 1
| #define HAVE_MEMORY_H 1
| #define HAVE_STRINGS_H 1
| #define HAVE_INTTYPES_H 1
| #define HAVE_STDINT_H 1
| #define HAVE_UNISTD_H 1
| /* end confdefs.h.  */
| #include <ac_nonexistent.h>
configure:4912: result: g++ -E
configure:4941: g++ -E  conftest.cpp
configure:4948: $? = 0
configure:4979: g++ -E  conftest.cpp
conftest.cpp:18:28: error: ac_nonexistent.h: No such file or directory
configure:4986: $? = 1
configure: failed program was:
| /* confdefs.h.  */
| #define PACKAGE_NAME "PULSARHUNTER_NATIVE"
| #define PACKAGE_TARNAME "pulsarhunter_native"
| #define PACKAGE_VERSION "1.00"
| #define PACKAGE_STRING "PULSARHUNTER_NATIVE 1.00"
| #define PACKAGE_BUGREPORT "mkeith@pulsarastronomy.net"
| #define STDC_HEADERS 1
| #define HAVE_SYS_TYPES_H 1
| #define HAVE_SYS_STAT_H 1
| #define HAVE_STDLIB_H 1
| #define HAVE_STRING_H 1
| #define HAVE_MEMORY_H 1
| #define HAVE_STRINGS_H 1
| #define HAVE_INTTYPES_H 1
| #define HAVE_STDINT_H 1
| #define HAVE_UNISTD_H 1
| /* end confdefs.h.  */
| #include <ac_nonexistent.h>
configure:5073: checking for gcc
configure:5100: result: gcc
configure:5332: checking for C compiler version
configure:5340: gcc --version >&5
gcc (Debian 4.4.5-8) 4.4.5
Copyright (C) 2010 Free Software Foundation, Inc.
This is free software; see the source for copying conditions.  There is NO
warranty; not even for MERCHANTABILITY or FITNESS FOR A PARTICULAR PURPOSE.

configure:5344: $? = 0
configure:5351: gcc -v >&5
Using built-in specs.
Target: x86_64-linux-gnu
Configured with: ../src/configure -v --with-pkgversion='Debian 4.4.5-8' --with-bugurl=file:///usr/share/doc/gcc-4.4/README.Bugs --enable-languages=c,c++,fortran,objc,obj-c++ --prefix=/usr --program-suffix=-4.4 --enable-shared --enable-multiarch --enable-linker-build-id --with-system-zlib --libexecdir=/usr/lib --without-included-gettext --enable-threads=posix --with-gxx-include-dir=/usr/include/c++/4.4 --libdir=/usr/lib --enable-nls --enable-clocale=gnu --enable-libstdcxx-debug --enable-objc-gc --with-arch-32=i586 --with-tune=generic --enable-checking=release --build=x86_64-linux-gnu --host=x86_64-linux-gnu --target=x86_64-linux-gnu
Thread model: posix
gcc version 4.4.5 (Debian 4.4.5-8) 
configure:5355: $? = 0
configure:5362: gcc -V >&5
gcc: '-V' option must have argument
configure:5366: $? = 1
configure:5369: checking whether we are using the GNU C compiler
configure:5422: result: yes
configure:5431: checking whether gcc accepts -g
configure:5569: result: yes
configure:5586: checking for gcc option to accept ISO C89
configure:5690: result: none needed
configure:5713: checking how to run the C preprocessor
configure:5831: result: gcc -E
configure:5860: gcc -E  conftest.c
configure:5867: $? = 0
configure:5898: gcc -E  conftest.c
conftest.c:18:28: error: ac_nonexistent.h: No such file or directory
configure:5905: $? = 1
configure: failed program was:
| /* confdefs.h.  */
| #define PACKAGE_NAME "PULSARHUNTER_NATIVE"
| #define PACKAGE_TARNAME "pulsarhunter_native"
| #define PACKAGE_VERSION "1.00"
| #define PACKAGE_STRING "PULSARHUNTER_NATIVE 1.00"
| #define PACKAGE_BUGREPORT "mkeith@pulsarastronomy.net"
| #define STDC_HEADERS 1
| #define HAVE_SYS_TYPES_H 1
| #define HAVE_SYS_STAT_H 1
| #define HAVE_STDLIB_H 1
| #define HAVE_STRING_H 1
| #define HAVE_MEMORY_H 1
| #define HAVE_STRINGS_H 1
| #define HAVE_INTTYPES_H 1
| #define HAVE_STDINT_H 1
| #define HAVE_UNISTD_H 1
| /* end confdefs.h.  */
| #include <ac_nonexistent.h>
configure:5945: checking whether gcc and cc understand -c and -o together
configure:5980: gcc -c conftest.c -o conftest2.o >&5
configure:5984: $? = 0
configure:5990: gcc -c conftest.c -o conftest2.o >&5
configure:5994: $? = 0
configure:6005: cc -c conftest.c >&5
configure:6009: $? = 0
configure:6017: cc -c conftest.c -o conftest2.o >&5
configure:6021: $? = 0
configure:6027: cc -c conftest.c -o conftest2.o >&5
configure:6031: $? = 0
configure:6049: result: yes
configure:6132: checking for g77
configure:6162: result: no
configure:6132: checking for xlf
configure:6162: result: no
configure:6132: checking for f77
configure:6162: result: no
configure:6132: checking for frt
configure:6162: result: no
configure:6132: checking for pgf77
configure:6162: result: no
configure:6132: checking for cf77
configure:6162: result: no
configure:6132: checking for fort77
configure:6162: result: no
configure:6132: checking for fl32
configure:6162: result: no
configure:6132: checking for af77
configure:6162: result: no
configure:6132: checking for xlf90
configure:6162: result: no
configure:6132: checking for f90
configure:6162: result: no
configure:6132: checking for pgf90
configure:6162: result: no
configure:6132: checking for pghpf
configure:6162: result: no
configure:6132: checking for epcf90
configure:6162: result: no
configure:6132: checking for gfortran
configure:6148: found /usr/bin/gfortran
configure:6159: result: gfortran
configure:6185: checking for Fortran 77 compiler version
configure:6193: gfortran --version >&5
GNU Fortran (Debian 4.4.5-8) 4.4.5
Copyright (C) 2010 Free Software Foundation, Inc.

GNU Fortran comes with NO WARRANTY, to the extent permitted by law.
You may redistribute copies of GNU Fortran
under the terms of the GNU General Public License.
For more information about these matters, see the file named COPYING

configure:6197: $? = 0
configure:6204: gfortran -v >&5
Using built-in specs.
Target: x86_64-linux-gnu
Configured with: ../src/configure -v --with-pkgversion='Debian 4.4.5-8' --with-bugurl=file:///usr/share/doc/gcc-4.4/README.Bugs --enable-languages=c,c++,fortran,objc,obj-c++ --prefix=/usr --program-suffix=-4.4 --enable-shared --enable-multiarch --enable-linker-build-id --with-system-zlib --libexecdir=/usr/lib --without-included-gettext --enable-threads=posix --with-gxx-include-dir=/usr/include/c++/4.4 --libdir=/usr/lib --enable-nls --enable-clocale=gnu --enable-libstdcxx-debug --enable-objc-gc --with-arch-32=i586 --with-tune=generic --enable-checking=release --build=x86_64-linux-gnu --host=x86_64-linux-gnu --target=x86_64-linux-gnu
Thread model: posix
gcc version 4.4.5 (Debian 4.4.5-8) 
configure:6208: $? = 0
configure:6215: gfortran -V >&5
gfortran: '-V' option must have argument
configure:6219: $? = 1
configure:6227: checking whether we are using the GNU Fortran 77 compiler
configure:6246: gfortran -c  conftest.F >&5
configure:6253: $? = 0
configure:6270: result: yes
configure:6276: checking whether gfortran accepts -g
configure:6293: gfortran -c -g conftest.f >&5
configure:6300: $? = 0
configure:6316: result: yes
configure:6349: checking whether gfortran understands -c and -o together
configure:6367: gfortran -g -O2 -c conftest.f -o conftest2.o >&5
configure:6371: $? = 0
configure:6378: gfortran -g -O2 -c conftest.f -o conftest2.o >&5
configure:6382: $? = 0
configure:6390: result: yes
configure:6411: checking how to get verbose linking output from gfortran
configure:6427: gfortran -c -g -O2 conftest.f >&5
configure:6434: $? = 0
configure:6456: gfortran -o conftest -g -O2 -v conftest.f
Using built-in specs.
Target: x86_64-linux-gnu
Configured with: ../src/configure -v --with-pkgversion='Debian 4.4.5-8' --with-bugurl=file:///usr/share/doc/gcc-4.4/README.Bugs --enable-languages=c,c++,fortran,objc,obj-c++ --prefix=/usr --program-suffix=-4.4 --enable-shared --enable-multiarch --enable-linker-build-id --with-system-zlib --libexecdir=/usr/lib --without-included-gettext --enable-threads=posix --with-gxx-include-dir=/usr/include/c++/4.4 --libdir=/usr/lib --enable-nls --enable-clocale=gnu --enable-libstdcxx-debug --enable-objc-gc --with-arch-32=i586 --with-tune=generic --enable-checking=release --build=x86_64-linux-gnu --host=x86_64-linux-gnu --target=x86_64-linux-gnu
Thread model: posix
gcc version 4.4.5 (Debian 4.4.5-8) 
 /usr/lib/gcc/x86_64-linux-gnu/4.4.5/f951 conftest.f -ffixed-form -quiet -dumpbase conftest.f -mtune=generic -auxbase conftest -g -O2 -version -fintrinsic-modules-path /usr/lib/gcc/x86_64-linux-gnu/4.4.5/finclude -o /tmp/ccDNc28N.s
GNU Fortran (Debian 4.4.5-8) version 4.4.5 (x86_64-linux-gnu)
	compiled by GNU C version 4.4.5, GMP version 4.3.2, MPFR version 3.0.0-p3.
GGC heuristics: --param ggc-min-expand=100 --param ggc-min-heapsize=131072
 as -V -Qy -o /tmp/ccyxAgv8.o /tmp/ccDNc28N.s
GNU assembler version 2.20.1 (x86_64-linux-gnu) using BFD version (GNU Binutils for Debian) 2.20.1-system.20100303
 /usr/lib/gcc/x86_64-linux-gnu/4.4.5/collect2 --build-id --eh-frame-hdr -m elf_x86_64 --hash-style=both -dynamic-linker /lib64/ld-linux-x86-64.so.2 -o conftest /usr/lib/gcc/x86_64-linux-gnu/4.4.5/../../../../lib/crt1.o /usr/lib/gcc/x86_64-linux-gnu/4.4.5/../../../../lib/crti.o /usr/lib/gcc/x86_64-linux-gnu/4.4.5/crtbegin.o -L/usr/lib/gcc/x86_64-linux-gnu/4.4.5 -L/usr/lib/gcc/x86_64-linux-gnu/4.4.5 -L/usr/lib/gcc/x86_64-linux-gnu/4.4.5/../../../../lib -L/lib/../lib -L/usr/lib/../lib -L/usr/lib/gcc/x86_64-linux-gnu/4.4.5/../../.. /tmp/ccyxAgv8.o -lgfortranbegin -lgfortran -lm -lgcc_s -lgcc -lc -lgcc_s -lgcc /usr/lib/gcc/x86_64-linux-gnu/4.4.5/crtend.o /usr/lib/gcc/x86_64-linux-gnu/4.4.5/../../../../lib/crtn.o
configure:6525: result: -v
configure:6527: checking for Fortran 77 libraries of gfortran
configure:6550: gfortran -o conftest -g -O2 -v conftest.f
Using built-in specs.
Target: x86_64-linux-gnu
Configured with: ../src/configure -v --with-pkgversion='Debian 4.4.5-8' --with-bugurl=file:///usr/share/doc/gcc-4.4/README.Bugs --enable-languages=c,c++,fortran,objc,obj-c++ --prefix=/usr --program-suffix=-4.4 --enable-shared --enable-multiarch --enable-linker-build-id --with-system-zlib --libexecdir=/usr/lib --without-included-gettext --enable-threads=posix --with-gxx-include-dir=/usr/include/c++/4.4 --libdir=/usr/lib --enable-nls --enable-clocale=gnu --enable-libstdcxx-debug --enable-objc-gc --with-arch-32=i586 --with-tune=generic --enable-checking=release --build=x86_64-linux-gnu --host=x86_64-linux-gnu --target=x86_64-linux-gnu
Thread model: posix
gcc version 4.4.5 (Debian 4.4.5-8) 
 /usr/lib/gcc/x86_64-linux-gnu/4.4.5/f951 conftest.f -ffixed-form -quiet -dumpbase conftest.f -mtune=generic -auxbase conftest -g -O2 -version -fintrinsic-modules-path /usr/lib/gcc/x86_64-linux-gnu/4.4.5/finclude -o /tmp/cc9xl5hS.s
GNU Fortran (Debian 4.4.5-8) version 4.4.5 (x86_64-linux-gnu)
	compiled by GNU C version 4.4.5, GMP version 4.3.2, MPFR version 3.0.0-p3.
GGC heuristics: --param ggc-min-expand=100 --param ggc-min-heapsize=131072
 as -V -Qy -o /tmp/ccBWJ6Kc.o /tmp/cc9xl5hS.s
GNU assembler version 2.20.1 (x86_64-linux-gnu) using BFD version (GNU Binutils for Debian) 2.20.1-system.20100303
 /usr/lib/gcc/x86_64-linux-gnu/4.4.5/collect2 --build-id --eh-frame-hdr -m elf_x86_64 --hash-style=both -dynamic-linker /lib64/ld-linux-x86-64.so.2 -o conftest /usr/lib/gcc/x86_64-linux-gnu/4.4.5/../../../../lib/crt1.o /usr/lib/gcc/x86_64-linux-gnu/4.4.5/../../../../lib/crti.o /usr/lib/gcc/x86_64-linux-gnu/4.4.5/crtbegin.o -L/usr/lib/gcc/x86_64-linux-gnu/4.4.5 -L/usr/lib/gcc/x86_64-linux-gnu/4.4.5 -L/usr/lib/gcc/x86_64-linux-gnu/4.4.5/../../../../lib -L/lib/../lib -L/usr/lib/../lib -L/usr/lib/gcc/x86_64-linux-gnu/4.4.5/../../.. /tmp/ccBWJ6Kc.o -lgfortranbegin -lgfortran -lm -lgcc_s -lgcc -lc -lgcc_s -lgcc /usr/lib/gcc/x86_64-linux-gnu/4.4.5/crtend.o /usr/lib/gcc/x86_64-linux-gnu/4.4.5/../../../../lib/crtn.o
configure:6727: result:  -L/usr/lib/gcc/x86_64-linux-gnu/4.4.5 -L/usr/lib/gcc/x86_64-linux-gnu/4.4.5/../../../../lib -L/lib/../lib -L/usr/lib/../lib -L/usr/lib/gcc/x86_64-linux-gnu/4.4.5/../../.. -lgfortranbegin -lgfortran -lm
configure:6754: checking for a BSD-compatible install
configure:6822: result: /usr/bin/install -c
configure:6864: checking build system type
configure:6882: result: x86_64-unknown-linux-gnu
configure:6904: checking host system type
configure:6919: result: x86_64-unknown-linux-gnu
configure:6941: checking for a sed that does not truncate output
configure:7007: result: /bin/sed
configure:7025: checking for fgrep
configure:7089: result: /bin/grep -F
configure:7124: checking for ld used by gcc
configure:7191: result: /usr/bin/ld
configure:7200: checking if the linker (/usr/bin/ld) is GNU ld
configure:7215: result: yes
configure:7227: checking for BSD- or MS-compatible name lister (nm)
configure:7276: result: /usr/bin/nm -B
configure:7394: checking the name lister (/usr/bin/nm -B) interface
configure:7401: gcc -c -g -O2  conftest.c >&5
configure:7404: /usr/bin/nm -B "conftest.o"
configure:7407: output
0000000000000000 B some_variable
configure:7414: result: BSD nm
configure:7417: checking whether ln -s works
configure:7421: result: yes
configure:7429: checking the maximum length of command line arguments
configure:7549: result: 1572864
configure:7566: checking whether the shell understands some XSI constructs
configure:7576: result: yes
configure:7580: checking whether the shell understands "+="
configure:7586: result: yes
configure:7621: checking for /usr/bin/ld option to reload object files
configure:7628: result: -r
configure:7655: checking how to recognize dependent libraries
configure:7845: result: pass_all
configure:7905: checking for ar
configure:7921: found /usr/bin/ar
configure:7932: result: ar
configure:8010: checking for strip
configure:8026: found /usr/bin/strip
configure:8037: result: strip
configure:8109: checking for ranlib
configure:8125: found /usr/bin/ranlib
configure:8136: result: ranlib
configure:8226: checking command to parse /usr/bin/nm -B output from gcc object
configure:8344: gcc -c -g -O2  conftest.c >&5
configure:8347: $? = 0
configure:8351: /usr/bin/nm -B conftest.o \| sed -n -e 's/^.*[	 ]\([ABCDGIRSTW][ABCDGIRSTW]*\)[	 ][	 ]*\([_A-Za-z][_A-Za-z0-9]*\)$/\1 \2 \2/p' \> conftest.nm
configure:8354: $? = 0
configure:8408: gcc -o conftest -g -O2   conftest.c conftstm.o >&5
configure:8411: $? = 0
configure:8449: result: ok
configure:8544: gcc -c -g -O2  conftest.c >&5
configure:8547: $? = 0
configure:9314: checking for dlfcn.h
configure:9335: gcc -c -g -O2  conftest.c >&5
configure:9342: $? = 0
configure:9359: result: yes
configure:9486: checking for C++ compiler version
configure:9494: g++ --version >&5
g++ (Debian 4.4.5-8) 4.4.5
Copyright (C) 2010 Free Software Foundation, Inc.
This is free software; see the source for copying conditions.  There is NO
warranty; not even for MERCHANTABILITY or FITNESS FOR A PARTICULAR PURPOSE.

configure:9498: $? = 0
configure:9505: g++ -v >&5
Using built-in specs.
Target: x86_64-linux-gnu
Configured with: ../src/configure -v --with-pkgversion='Debian 4.4.5-8' --with-bugurl=file:///usr/share/doc/gcc-4.4/README.Bugs --enable-languages=c,c++,fortran,objc,obj-c++ --prefix=/usr --program-suffix=-4.4 --enable-shared --enable-multiarch --enable-linker-build-id --with-system-zlib --libexecdir=/usr/lib --without-included-gettext --enable-threads=posix --with-gxx-include-dir=/usr/include/c++/4.4 --libdir=/usr/lib --enable-nls --enable-clocale=gnu --enable-libstdcxx-debug --enable-objc-gc --with-arch-32=i586 --with-tune=generic --enable-checking=release --build=x86_64-linux-gnu --host=x86_64-linux-gnu --target=x86_64-linux-gnu
Thread model: posix
gcc version 4.4.5 (Debian 4.4.5-8) 
configure:9509: $? = 0
configure:9516: g++ -V >&5
g++: '-V' option must have argument
configure:9520: $? = 1
configure:9523: checking whether we are using the GNU C++ compiler
configure:9576: result: yes
configure:9585: checking whether g++ accepts -g
configure:9723: result: yes
configure:9754: checking how to run the C++ preprocessor
configure:9868: result: g++ -E
configure:9897: g++ -E  conftest.cpp
configure:9904: $? = 0
configure:9935: g++ -E  conftest.cpp
conftest.cpp:19:28: error: ac_nonexistent.h: No such file or directory
configure:9942: $? = 1
configure: failed program was:
| /* confdefs.h.  */
| #define PACKAGE_NAME "PULSARHUNTER_NATIVE"
| #define PACKAGE_TARNAME "pulsarhunter_native"
| #define PACKAGE_VERSION "1.00"
| #define PACKAGE_STRING "PULSARHUNTER_NATIVE 1.00"
| #define PACKAGE_BUGREPORT "mkeith@pulsarastronomy.net"
| #define STDC_HEADERS 1
| #define HAVE_SYS_TYPES_H 1
| #define HAVE_SYS_STAT_H 1
| #define HAVE_STDLIB_H 1
| #define HAVE_STRING_H 1
| #define HAVE_MEMORY_H 1
| #define HAVE_STRINGS_H 1
| #define HAVE_INTTYPES_H 1
| #define HAVE_STDINT_H 1
| #define HAVE_UNISTD_H 1
| #define HAVE_DLFCN_H 1
| /* end confdefs.h.  */
| #include <ac_nonexistent.h>
configure:10091: checking for Fortran 77 compiler version
configure:10099: gfortran --version >&5
GNU Fortran (Debian 4.4.5-8) 4.4.5
Copyright (C) 2010 Free Software Foundation, Inc.

GNU Fortran comes with NO WARRANTY, to the extent permitted by law.
You may redistribute copies of GNU Fortran
under the terms of the GNU General Public License.
For more information about these matters, see the file named COPYING

configure:10103: $? = 0
configure:10110: gfortran -v >&5
Using built-in specs.
Target: x86_64-linux-gnu
Configured with: ../src/configure -v --with-pkgversion='Debian 4.4.5-8' --with-bugurl=file:///usr/share/doc/gcc-4.4/README.Bugs --enable-languages=c,c++,fortran,objc,obj-c++ --prefix=/usr --program-suffix=-4.4 --enable-shared --enable-multiarch --enable-linker-build-id --with-system-zlib --libexecdir=/usr/lib --without-included-gettext --enable-threads=posix --with-gxx-include-dir=/usr/include/c++/4.4 --libdir=/usr/lib --enable-nls --enable-clocale=gnu --enable-libstdcxx-debug --enable-objc-gc --with-arch-32=i586 --with-tune=generic --enable-checking=release --build=x86_64-linux-gnu --host=x86_64-linux-gnu --target=x86_64-linux-gnu
Thread model: posix
gcc version 4.4.5 (Debian 4.4.5-8) 
configure:10114: $? = 0
configure:10121: gfortran -V >&5
gfortran: '-V' option must have argument
configure:10125: $? = 1
configure:10133: checking whether we are using the GNU Fortran 77 compiler
configure:10176: result: yes
configure:10182: checking whether gfortran accepts -g
configure:10222: result: yes
configure:10429: checking for objdir
configure:10444: result: .libs
configure:10740: checking if gcc supports -fno-rtti -fno-exceptions
configure:10758: gcc -c -g -O2  -fno-rtti -fno-exceptions conftest.c >&5
cc1: warning: command line option "-fno-rtti" is valid for C++/ObjC++ but not for C
configure:10762: $? = 0
configure:10775: result: no
configure:10795: checking for gcc option to produce PIC
configure:11052: result: -fPIC -DPIC
configure:11064: checking if gcc PIC flag -fPIC -DPIC works
configure:11082: gcc -c -g -O2  -fPIC -DPIC -DPIC conftest.c >&5
configure:11086: $? = 0
configure:11099: result: yes
configure:11123: checking if gcc static flag -static works
configure:11151: result: yes
configure:11166: checking if gcc supports -c -o file.o
configure:11187: gcc -c -g -O2  -o out/conftest2.o conftest.c >&5
configure:11191: $? = 0
configure:11213: result: yes
configure:11221: checking if gcc supports -c -o file.o
configure:11268: result: yes
configure:11301: checking whether the gcc linker (/usr/bin/ld -m elf_x86_64) supports shared libraries
configure:12367: result: yes
configure:12404: checking whether -lc should be explicitly linked in
configure:12409: gcc -c -g -O2  conftest.c >&5
configure:12412: $? = 0
configure:12427: gcc -shared conftest.o  -v -Wl,-soname -Wl,conftest -o conftest 2\>\&1 \| /bin/grep  -lc  \>/dev/null 2\>\&1
configure:12430: $? = 0
configure:12442: result: no
configure:12606: checking dynamic linker characteristics
configure:13049: gcc -o conftest -g -O2   -Wl,-rpath -Wl,/foo conftest.c  >&5
configure:13056: $? = 0
configure:13289: result: GNU/Linux ld.so
configure:13391: checking how to hardcode library paths into programs
configure:13416: result: immediate
configure:14257: checking whether stripping libraries is possible
configure:14262: result: yes
configure:14297: checking if libtool supports shared libraries
configure:14299: result: yes
configure:14302: checking whether to build shared libraries
configure:14323: result: yes
configure:14326: checking whether to build static libraries
configure:14330: result: yes
configure:14480: checking for ld used by g++
configure:14547: result: /usr/bin/ld -m elf_x86_64
configure:14556: checking if the linker (/usr/bin/ld -m elf_x86_64) is GNU ld
configure:14571: result: yes
configure:14626: checking whether the g++ linker (/usr/bin/ld -m elf_x86_64) supports shared libraries
configure:15596: result: yes
configure:15624: g++ -c -g -O2  conftest.cpp >&5
configure:15627: $? = 0
configure:15809: checking for g++ option to produce PIC
configure:16118: result: -fPIC -DPIC
configure:16127: checking if g++ PIC flag -fPIC -DPIC works
configure:16145: g++ -c -g -O2  -fPIC -DPIC -DPIC conftest.cpp >&5
configure:16149: $? = 0
configure:16162: result: yes
configure:16183: checking if g++ static flag -static works
configure:16211: result: yes
configure:16223: checking if g++ supports -c -o file.o
configure:16244: g++ -c -g -O2  -o out/conftest2.o conftest.cpp >&5
configure:16248: $? = 0
configure:16270: result: yes
configure:16275: checking if g++ supports -c -o file.o
configure:16322: result: yes
configure:16352: checking whether the g++ linker (/usr/bin/ld -m elf_x86_64) supports shared libraries
configure:16378: result: yes
configure:16515: checking dynamic linker characteristics
configure:16906: g++ -o conftest -g -O2   -Wl,-rpath -Wl,/foo conftest.cpp  >&5
configure:16913: $? = 0
configure:17146: result: GNU/Linux ld.so
configure:17197: checking how to hardcode library paths into programs
configure:17222: result: immediate
configure:17363: checking if libtool supports shared libraries
configure:17365: result: yes
configure:17368: checking whether to build shared libraries
configure:17388: result: yes
configure:17391: checking whether to build static libraries
configure:17395: result: yes
configure:17409: checking for gfortran option to produce PIC
configure:17666: result: -fPIC
configure:17675: checking if gfortran PIC flag -fPIC works
configure:17693: gfortran -c -g -O2 -fPIC conftest.f >&5
configure:17697: $? = 0
configure:17710: result: yes
configure:17731: checking if gfortran static flag -static works
configure:17759: result: yes
configure:17771: checking if gfortran supports -c -o file.o
configure:17792: gfortran -c -g -O2 -o out/conftest2.o conftest.f >&5
configure:17796: $? = 0
configure:17818: result: yes
configure:17823: checking if gfortran supports -c -o file.o
configure:17870: result: yes
configure:17900: checking whether the gfortran linker (/usr/bin/ld -m elf_x86_64) supports shared libraries
configure:18946: result: yes
configure:19083: checking dynamic linker characteristics
configure:19464: gfortran -o conftest -g -O2  -Wl,-rpath -Wl,/foo conftest.f  >&5
configure:19471: $? = 0
configure:19704: result: GNU/Linux ld.so
configure:19755: checking how to hardcode library paths into programs
configure:19780: result: immediate
configure:19929: checking if javac works
configure:19943: javac  Test.java
configure:19946: $? = 0
configure:19959: result: yes
configure:19972: checking for javac
configure:19990: found /media/part1/cherry/soft/jdk1.7.0_01/bin/javac
configure:20003: result: /media/part1/cherry/soft/jdk1.7.0_01/bin/javac
configure:20076: checking for X
configure:20191: gcc -E  conftest.c
configure:20198: $? = 0
configure:20247: gcc -o conftest -g -O2   conftest.c -lX11  >&5
configure:20254: $? = 0
configure:20316: result: libraries , headers 
configure:20485: gcc -o conftest -g -O2   conftest.c   -lX11 >&5
configure:20492: $? = 0
configure:20660: checking for gethostbyname
configure:20716: gcc -o conftest -g -O2   conftest.c  >&5
configure:20723: $? = 0
configure:20743: result: yes
configure:20896: checking for connect
configure:20952: gcc -o conftest -g -O2   conftest.c  >&5
configure:20959: $? = 0
configure:20979: result: yes
configure:21055: checking for remove
configure:21111: gcc -o conftest -g -O2   conftest.c  >&5
configure:21118: $? = 0
configure:21138: result: yes
configure:21214: checking for shmat
configure:21270: gcc -o conftest -g -O2   conftest.c  >&5
configure:21277: $? = 0
configure:21297: result: yes
configure:21382: checking for IceConnectionNumber in -lICE
configure:21417: gcc -o conftest -g -O2   conftest.c -lICE   >&5
/usr/bin/ld: cannot find -lICE
collect2: ld returned 1 exit status
configure:21424: $? = 1
configure: failed program was:
| /* confdefs.h.  */
| #define PACKAGE_NAME "PULSARHUNTER_NATIVE"
| #define PACKAGE_TARNAME "pulsarhunter_native"
| #define PACKAGE_VERSION "1.00"
| #define PACKAGE_STRING "PULSARHUNTER_NATIVE 1.00"
| #define PACKAGE_BUGREPORT "mkeith@pulsarastronomy.net"
| #define STDC_HEADERS 1
| #define HAVE_SYS_TYPES_H 1
| #define HAVE_SYS_STAT_H 1
| #define HAVE_STDLIB_H 1
| #define HAVE_STRING_H 1
| #define HAVE_MEMORY_H 1
| #define HAVE_STRINGS_H 1
| #define HAVE_INTTYPES_H 1
| #define HAVE_STDINT_H 1
| #define HAVE_UNISTD_H 1
| #define HAVE_DLFCN_H 1
| #define LT_OBJDIR ".libs/"
| /* end confdefs.h.  */
| 
| /* Override any GCC internal prototype to avoid an error.
|    Use char because int might match the return type of a GCC
|    builtin and then its argument prototype would still apply.  */
| #ifdef __cplusplus
| extern "C"
| #endif
| char IceConnectionNumber ();
| int
| main ()
| {
| return IceConnectionNumber ();
|   ;
|   return 0;
| }
configure:21445: result: no
configure:21459: checking for libX11.so
configure:21476: result: no
configure:21478: result: X_LIBS=
configure:21480: result: X_PRE_LIBS=
configure:21482: result: X_EXTRA_LIBS=
configure:21484: result: X_CFLAGS=
configure:21501: checking for PGPLOT installation
configure:21545: gcc -o conftest -g -O2 -I/media/part1/soft//pgplot   conftest.c  -L/media/part1/soft//pgplot -lcpgplot -lpgplot  -L/usr/lib/gcc/x86_64-linux-gnu/4.4.5 -L/usr/lib/gcc/x86_64-linux-gnu/4.4.5/../../../../lib -L/lib/../lib -L/usr/lib/../lib -L/usr/lib/gcc/x86_64-linux-gnu/4.4.5/../../.. -lgfortranbegin -lgfortran -lm  >&5
/media/part1/soft//pgplot/libpgplot.so: undefined reference to `XFree'
/media/part1/soft//pgplot/libpgplot.so: undefined reference to `XClearWindow'
/media/part1/soft//pgplot/libpgplot.so: undefined reference to `XLookupString'
/media/part1/soft//pgplot/libpgplot.so: undefined reference to `XCreateImage'
/media/part1/soft//pgplot/libpgplot.so: undefined reference to `XGetWindowProperty'
/media/part1/soft//pgplot/libpgplot.so: undefined reference to `XFreeColors'
/media/part1/soft//pgplot/libpgplot.so: undefined reference to `XCreateSimpleWindow'
/media/part1/soft//pgplot/libpgplot.so: undefined reference to `XOpenDisplay'
/media/part1/soft//pgplot/libpgplot.so: undefined reference to `XDrawPoint'
/media/part1/soft//pgplot/libpgplot.so: undefined reference to `XCopyArea'
/media/part1/soft//pgplot/libpgplot.so: undefined reference to `XDeleteProperty'
/media/part1/soft//pgplot/libpgplot.so: undefined reference to `XDrawLine'
/media/part1/soft//pgplot/libpgplot.so: undefined reference to `XCloseDisplay'
/media/part1/soft//pgplot/libpgplot.so: undefined reference to `XFillArc'
/media/part1/soft//pgplot/libpgplot.so: undefined reference to `XGetErrorText'
/media/part1/soft//pgplot/libpgplot.so: undefined reference to `XSetForeground'
/media/part1/soft//pgplot/libpgplot.so: undefined reference to `XFillRectangle'
/media/part1/soft//pgplot/libpgplot.so: undefined reference to `XFreeGC'
/media/part1/soft//pgplot/libpgplot.so: undefined reference to `XDisplayName'
/media/part1/soft//pgplot/libpgplot.so: undefined reference to `XDrawRectangle'
/media/part1/soft//pgplot/libpgplot.so: undefined reference to `XNextEvent'
/media/part1/soft//pgplot/libpgplot.so: undefined reference to `XResizeWindow'
/media/part1/soft//pgplot/libpgplot.so: undefined reference to `XSetWindowBackground'
/media/part1/soft//pgplot/libpgplot.so: undefined reference to `XCreateGC'
/media/part1/soft//pgplot/libpgplot.so: undefined reference to `XSelectInput'
/media/part1/soft//pgplot/libpgplot.so: undefined reference to `XFlush'
/media/part1/soft//pgplot/libpgplot.so: undefined reference to `XSync'
/media/part1/soft//pgplot/libpgplot.so: undefined reference to `XStoreColors'
/media/part1/soft//pgplot/libpgplot.so: undefined reference to `XSendEvent'
/media/part1/soft//pgplot/libpgplot.so: undefined reference to `XChangeGC'
/media/part1/soft//pgplot/libpgplot.so: undefined reference to `XWarpPointer'
/media/part1/soft//pgplot/libpgplot.so: undefined reference to `XPutImage'
/media/part1/soft//pgplot/libpgplot.so: undefined reference to `XFillPolygon'
/media/part1/soft//pgplot/libpgplot.so: undefined reference to `XDefineCursor'
/media/part1/soft//pgplot/libpgplot.so: undefined reference to `XAllocColor'
/media/part1/soft//pgplot/libpgplot.so: undefined reference to `XInternAtom'
/media/part1/soft//pgplot/libpgplot.so: undefined reference to `XQueryPointer'
/media/part1/soft//pgplot/libpgplot.so: undefined reference to `XGetVisualInfo'
/media/part1/soft//pgplot/libpgplot.so: undefined reference to `XVisualIDFromVisual'
/media/part1/soft//pgplot/libpgplot.so: undefined reference to `XGetWindowAttributes'
/media/part1/soft//pgplot/libpgplot.so: undefined reference to `XCheckWindowEvent'
/media/part1/soft//pgplot/libpgplot.so: undefined reference to `XSetErrorHandler'
/media/part1/soft//pgplot/libpgplot.so: undefined reference to `XMapRaised'
/media/part1/soft//pgplot/libpgplot.so: undefined reference to `XGetSelectionOwner'
collect2: ld returned 1 exit status
configure:21552: $? = 1
configure: failed program was:
| /* confdefs.h.  */
| #define PACKAGE_NAME "PULSARHUNTER_NATIVE"
| #define PACKAGE_TARNAME "pulsarhunter_native"
| #define PACKAGE_VERSION "1.00"
| #define PACKAGE_STRING "PULSARHUNTER_NATIVE 1.00"
| #define PACKAGE_BUGREPORT "mkeith@pulsarastronomy.net"
| #define STDC_HEADERS 1
| #define HAVE_SYS_TYPES_H 1
| #define HAVE_SYS_STAT_H 1
| #define HAVE_STDLIB_H 1
| #define HAVE_STRING_H 1
| #define HAVE_MEMORY_H 1
| #define HAVE_STRINGS_H 1
| #define HAVE_INTTYPES_H 1
| #define HAVE_STDINT_H 1
| #define HAVE_UNISTD_H 1
| #define HAVE_DLFCN_H 1
| #define LT_OBJDIR ".libs/"
| /* end confdefs.h.  */
| #include <cpgplot.h>
| int
| main ()
| {
| cpgopen(""); cpgend();
|   ;
|   return 0;
| }
configure:21596: gcc -o conftest -g -O2 -I/media/part1/soft//pgplot   conftest.c  -L/media/part1/soft//pgplot -lcpgplot -lpgplot  -L/usr/lib/gcc/x86_64-linux-gnu/4.4.5 -L/usr/lib/gcc/x86_64-linux-gnu/4.4.5/../../../../lib -L/lib/../lib -L/usr/lib/../lib -L/usr/lib/gcc/x86_64-linux-gnu/4.4.5/../../.. -lgfortranbegin -lgfortran -lm   -lX11 >&5
configure:21603: $? = 0
configure:21729: result: yes
configure:21769: checking whether build environment is sane
configure:21812: result: yes
configure:21834: checking for a thread-safe mkdir -p
configure:21873: result: /bin/mkdir -p
configure:21886: checking for gawk
configure:21902: found /usr/bin/gawk
configure:21913: result: gawk
configure:21924: checking whether make sets $(MAKE)
configure:21946: result: yes
configure:21976: checking for style of include used by make
configure:22004: result: GNU
configure:22193: checking dependency style of gcc
configure:22284: result: gcc3
configure:22301: checking dependency style of g++
configure:22392: result: gcc3
configure:22545: creating ./config.status

## ---------------------- ##
## Running config.status. ##
## ---------------------- ##

This file was extended by PULSARHUNTER_NATIVE config.status 1.00, which was
generated by GNU Autoconf 2.63.  Invocation command line was

  CONFIG_FILES    = 
  CONFIG_HEADERS  = 
  CONFIG_LINKS    = 
  CONFIG_COMMANDS = 
  $ ./config.status 

on miraculix

config.status:1114: creating Makefile
config.status:1114: creating jpgplot/Makefile
config.status:1114: creating sla/Makefile
config.status:1114: creating config.h
config.status:1387: executing libtool commands
config.status:1387: executing depfiles commands

## ---------------- ##
## Cache variables. ##
## ---------------- ##

ac_cv_build=x86_64-unknown-linux-gnu
ac_cv_c_bigendian=no
ac_cv_c_compiler_gnu=yes
ac_cv_cxx_compiler_gnu=yes
ac_cv_env_CCC_set=
ac_cv_env_CCC_value=
ac_cv_env_CC_set=
ac_cv_env_CC_value=
ac_cv_env_CFLAGS_set=
ac_cv_env_CFLAGS_value=
ac_cv_env_CPPFLAGS_set=
ac_cv_env_CPPFLAGS_value=
ac_cv_env_CPP_set=
ac_cv_env_CPP_value=
ac_cv_env_CXXCPP_set=
ac_cv_env_CXXCPP_value=
ac_cv_env_CXXFLAGS_set=
ac_cv_env_CXXFLAGS_value=
ac_cv_env_CXX_set=
ac_cv_env_CXX_value=
ac_cv_env_F77_set=
ac_cv_env_F77_value=
ac_cv_env_FFLAGS_set=
ac_cv_env_FFLAGS_value=
ac_cv_env_LDFLAGS_set=
ac_cv_env_LDFLAGS_value=
ac_cv_env_LIBS_set=
ac_cv_env_LIBS_value=
ac_cv_env_XMKMF_set=
ac_cv_env_XMKMF_value=
ac_cv_env_build_alias_set=
ac_cv_env_build_alias_value=
ac_cv_env_host_alias_set=
ac_cv_env_host_alias_value=
ac_cv_env_target_alias_set=
ac_cv_env_target_alias_value=
ac_cv_f77_compiler_gnu=yes
ac_cv_f77_libs=' -L/usr/lib/gcc/x86_64-linux-gnu/4.4.5 -L/usr/lib/gcc/x86_64-linux-gnu/4.4.5/../../../../lib -L/lib/../lib -L/usr/lib/../lib -L/usr/lib/gcc/x86_64-linux-gnu/4.4.5/../../.. -lgfortranbegin -lgfortran -lm'
ac_cv_func_connect=yes
ac_cv_func_gethostbyname=yes
ac_cv_func_remove=yes
ac_cv_func_shmat=yes
ac_cv_have_x='have_x=yes	ac_x_includes='\'''\''	ac_x_libraries='\'''\'''
ac_cv_header_dlfcn_h=yes
ac_cv_header_inttypes_h=yes
ac_cv_header_memory_h=yes
ac_cv_header_stdc=yes
ac_cv_header_stdint_h=yes
ac_cv_header_stdlib_h=yes
ac_cv_header_string_h=yes
ac_cv_header_strings_h=yes
ac_cv_header_sys_stat_h=yes
ac_cv_header_sys_types_h=yes
ac_cv_header_unistd_h=yes
ac_cv_host=x86_64-unknown-linux-gnu
ac_cv_lib_ICE_IceConnectionNumber=no
ac_cv_objext=o
ac_cv_path_EGREP='/bin/grep -E'
ac_cv_path_FGREP='/bin/grep -F'
ac_cv_path_GREP=/bin/grep
ac_cv_path_SED=/bin/sed
ac_cv_path__ACJNI_JAVAC=/media/part1/cherry/soft/jdk1.7.0_01/bin/javac
ac_cv_path_install='/usr/bin/install -c'
ac_cv_path_mkdir=/bin/mkdir
ac_cv_prog_AWK=gawk
ac_cv_prog_CPP='gcc -E'
ac_cv_prog_CXXCPP='g++ -E'
ac_cv_prog_ac_ct_AR=ar
ac_cv_prog_ac_ct_CC=gcc
ac_cv_prog_ac_ct_CXX=g++
ac_cv_prog_ac_ct_F77=gfortran
ac_cv_prog_ac_ct_RANLIB=ranlib
ac_cv_prog_ac_ct_STRIP=strip
ac_cv_prog_cc_c89=
ac_cv_prog_cc_g=yes
ac_cv_prog_cc_gcc_c_o=yes
ac_cv_prog_cxx_g=yes
ac_cv_prog_f77_c_o=yes
ac_cv_prog_f77_g=yes
ac_cv_prog_f77_v=-v
ac_cv_prog_javac_works=yes
ac_cv_prog_make_make_set=yes
ac_cv_sys_file_offset_bits=no
ac_cv_sys_largefile_CC=no
am_cv_CC_dependencies_compiler_type=gcc3
am_cv_CXX_dependencies_compiler_type=gcc3
lt_cv_deplibs_check_method=pass_all
lt_cv_file_magic_cmd='$MAGIC_CMD'
lt_cv_file_magic_test_file=
lt_cv_ld_reload_flag=-r
lt_cv_nm_interface='BSD nm'
lt_cv_objdir=.libs
lt_cv_path_LD=/usr/bin/ld
lt_cv_path_LDCXX='/usr/bin/ld -m elf_x86_64'
lt_cv_path_NM='/usr/bin/nm -B'
lt_cv_prog_compiler_c_o=yes
lt_cv_prog_compiler_c_o_CXX=yes
lt_cv_prog_compiler_c_o_F77=yes
lt_cv_prog_compiler_pic_works=yes
lt_cv_prog_compiler_pic_works_CXX=yes
lt_cv_prog_compiler_pic_works_F77=yes
lt_cv_prog_compiler_rtti_exceptions=no
lt_cv_prog_compiler_static_works=yes
lt_cv_prog_compiler_static_works_CXX=yes
lt_cv_prog_compiler_static_works_F77=yes
lt_cv_prog_gnu_ld=yes
lt_cv_prog_gnu_ldcxx=yes
lt_cv_sys_global_symbol_pipe='sed -n -e '\''s/^.*[	 ]\([ABCDGIRSTW][ABCDGIRSTW]*\)[	 ][	 ]*\([_A-Za-z][_A-Za-z0-9]*\)$/\1 \2 \2/p'\'''
lt_cv_sys_global_symbol_to_c_name_address='sed -n -e '\''s/^: \([^ ]*\) $/  {\"\1\", (void *) 0},/p'\'' -e '\''s/^[ABCDGIRSTW]* \([^ ]*\) \([^ ]*\)$/  {"\2", (void *) \&\2},/p'\'''
lt_cv_sys_global_symbol_to_c_name_address_lib_prefix='sed -n -e '\''s/^: \([^ ]*\) $/  {\"\1\", (void *) 0},/p'\'' -e '\''s/^[ABCDGIRSTW]* \([^ ]*\) \(lib[^ ]*\)$/  {"\2", (void *) \&\2},/p'\'' -e '\''s/^[ABCDGIRSTW]* \([^ ]*\) \([^ ]*\)$/  {"lib\2", (void *) \&\2},/p'\'''
lt_cv_sys_global_symbol_to_cdecl='sed -n -e '\''s/^T .* \(.*\)$/extern int \1();/p'\'' -e '\''s/^[ABCDGIRSTW]* .* \(.*\)$/extern char \1;/p'\'''
lt_cv_sys_max_cmd_len=1572864

## ----------------- ##
## Output variables. ##
## ----------------- ##

ACLOCAL='${SHELL} /media/part1/cherry/soft/pulsarhunter/native/autoconf/missing --run aclocal-1.10'
AMDEPBACKSLASH='\'
AMDEP_FALSE='#'
AMDEP_TRUE=''
AMTAR='${SHELL} /media/part1/cherry/soft/pulsarhunter/native/autoconf/missing --run tar'
AR='ar'
AUTOCONF='${SHELL} /media/part1/cherry/soft/pulsarhunter/native/autoconf/missing --run autoconf'
AUTOHEADER='${SHELL} /media/part1/cherry/soft/pulsarhunter/native/autoconf/missing --run autoheader'
AUTOMAKE='${SHELL} /media/part1/cherry/soft/pulsarhunter/native/autoconf/missing --run automake-1.10'
AWK='gawk'
CC='gcc'
CCDEPMODE='depmode=gcc3'
CFLAGS='-g -O2'
CPP='gcc -E'
CPPFLAGS=''
CXX='g++'
CXXCPP='g++ -E'
CXXDEPMODE='depmode=gcc3'
CXXFLAGS='-g -O2'
CYGPATH_W='echo'
DEFS='-DHAVE_CONFIG_H'
DEPDIR='.deps'
DSYMUTIL=''
DUMPBIN=''
ECHO_C=''
ECHO_N='-n'
ECHO_T=''
EGREP='/bin/grep -E'
EXEEXT=''
F77='gfortran'
FFLAGS='-g -O2'
FGREP='/bin/grep -F'
FLIBS=' -L/usr/lib/gcc/x86_64-linux-gnu/4.4.5 -L/usr/lib/gcc/x86_64-linux-gnu/4.4.5/../../../../lib -L/lib/../lib -L/usr/lib/../lib -L/usr/lib/gcc/x86_64-linux-gnu/4.4.5/../../.. -lgfortranbegin -lgfortran -lm'
GREP='/bin/grep'
HAVE_PGPLOT_FALSE='#'
HAVE_PGPLOT_TRUE=''
INSTALL_DATA='${INSTALL} -m 644'
INSTALL_PROGRAM='${INSTALL}'
INSTALL_SCRIPT='${INSTALL}'
INSTALL_STRIP_PROGRAM='$(install_sh) -c -s'
JAVAC='javac'
JNI_I=' -I/media/part1/cherry/soft/jdk1.7.0_01/include -I/media/part1/cherry/soft/jdk1.7.0_01/include/linux'
LD='/usr/bin/ld -m elf_x86_64'
LDFLAGS=''
LIBOBJS=''
LIBS=''
LIBTOOL='$(SHELL) $(top_builddir)/libtool'
LIPO=''
LN_S='ln -s'
LTLIBOBJS=''
MAKEINFO='${SHELL} /media/part1/cherry/soft/pulsarhunter/native/autoconf/missing --run makeinfo'
MKDIR_P='/bin/mkdir -p'
NM='/usr/bin/nm -B'
NMEDIT=''
OBJEXT='o'
OTOOL64=''
OTOOL=''
PACKAGE='pulsarhunter_native'
PACKAGE_BUGREPORT='mkeith@pulsarastronomy.net'
PACKAGE_NAME='PULSARHUNTER_NATIVE'
PACKAGE_STRING='PULSARHUNTER_NATIVE 1.00'
PACKAGE_TARNAME='pulsarhunter_native'
PACKAGE_VERSION='1.00'
PATH_SEPARATOR=':'
PGPLOT_CFLAGS='-I/media/part1/soft//pgplot'
PGPLOT_LIBS='-L/media/part1/soft//pgplot -lcpgplot -lpgplot  -L/usr/lib/gcc/x86_64-linux-gnu/4.4.5 -L/usr/lib/gcc/x86_64-linux-gnu/4.4.5/../../../../lib -L/lib/../lib -L/usr/lib/../lib -L/usr/lib/gcc/x86_64-linux-gnu/4.4.5/../../.. -lgfortranbegin -lgfortran -lm   -lX11'
RANLIB='ranlib'
SED='/bin/sed'
SET_MAKE=''
SHELL='/bin/bash'
STRIP='strip'
VERSION='1.00'
XMKMF=''
X_CFLAGS=''
X_EXTRA_LIBS=''
X_LIBS=''
X_PRE_LIBS=''
_ACJNI_JAVAC='/media/part1/cherry/soft/jdk1.7.0_01/bin/javac'
ac_ct_CC='gcc'
ac_ct_CXX='g++'
ac_ct_DUMPBIN=''
ac_ct_F77='gfortran'
am__fastdepCC_FALSE='#'
am__fastdepCC_TRUE=''
am__fastdepCXX_FALSE='#'
am__fastdepCXX_TRUE=''
am__include='include'
am__isrc=''
am__leading_dot='.'
am__quote=''
am__tar='${AMTAR} chof - "$$tardir"'
am__untar='${AMTAR} xf -'
bindir='${exec_prefix}/bin'
build='x86_64-unknown-linux-gnu'
build_alias=''
build_cpu='x86_64'
build_os='linux-gnu'
build_vendor='unknown'
datadir='${datarootdir}'
datarootdir='${prefix}/share'
docdir='${datarootdir}/doc/${PACKAGE_TARNAME}'
dvidir='${docdir}'
exec_prefix='${prefix}'
host='x86_64-unknown-linux-gnu'
host_alias=''
host_cpu='x86_64'
host_os='linux-gnu'
host_vendor='unknown'
htmldir='${docdir}'
includedir='${prefix}/include'
infodir='${datarootdir}/info'
install_sh='$(SHELL) /media/part1/cherry/soft/pulsarhunter/native/autoconf/install-sh'
libdir='${exec_prefix}/lib'
libexecdir='${exec_prefix}/libexec'
localedir='${datarootdir}/locale'
localstatedir='${prefix}/var'
lt_ECHO='echo'
mandir='${datarootdir}/man'
mkdir_p='/bin/mkdir -p'
oldincludedir='/usr/include'
pdfdir='${docdir}'
prefix='/media/part1/cherry/soft/pulsarhunter'
program_transform_name='s,x,x,'
psdir='${docdir}'
sbindir='${exec_prefix}/sbin'
sharedstatedir='${prefix}/com'
sysconfdir='${prefix}/etc'
target_alias=''

## ----------- ##
## confdefs.h. ##
## ----------- ##

#define PACKAGE_NAME "PULSARHUNTER_NATIVE"
#define PACKAGE_TARNAME "pulsarhunter_native"
#define PACKAGE_VERSION "1.00"
#define PACKAGE_STRING "PULSARHUNTER_NATIVE 1.00"
#define PACKAGE_BUGREPORT "mkeith@pulsarastronomy.net"
#define STDC_HEADERS 1
#define HAVE_SYS_TYPES_H 1
#define HAVE_SYS_STAT_H 1
#define HAVE_STDLIB_H 1
#define HAVE_STRING_H 1
#define HAVE_MEMORY_H 1
#define HAVE_STRINGS_H 1
#define HAVE_INTTYPES_H 1
#define HAVE_STDINT_H 1
#define HAVE_UNISTD_H 1
#define HAVE_DLFCN_H 1
#define LT_OBJDIR ".libs/"
#define HAVE_PGPLOT 1
#define PACKAGE "pulsarhunter_native"
#define VERSION "1.00"

configure: exit 0
